mode: atomic
auth-service/internal/repository/event_repository.go:16.54,18.2 1 0
auth-service/internal/repository/event_repository.go:24.73,26.16 2 0
auth-service/internal/repository/event_repository.go:26.16,28.3 1 0
auth-service/internal/repository/user_repository.go:28.52,30.2 1 0
auth-service/internal/repository/user_repository.go:36.80,39.16 3 0
auth-service/internal/repository/user_repository.go:39.16,41.3 1 0
auth-service/internal/repository/user_repository.go:42.2,43.18 2 0
auth-service/internal/repository/user_repository.go:46.74,49.16 3 0
auth-service/internal/repository/user_repository.go:49.16,51.3 1 0
auth-service/internal/repository/user_repository.go:52.2,52.19 1 0
auth-service/internal/repository/user_repository.go:55.122,58.16 3 0
auth-service/internal/repository/user_repository.go:58.16,59.27 1 0
auth-service/internal/repository/user_repository.go:59.27,61.4 1 0
auth-service/internal/repository/user_repository.go:62.3,62.18 1 0
auth-service/internal/repository/user_repository.go:65.2,65.19 1 0
auth-service/internal/repository/user_repository.go:68.69,70.16 2 0
auth-service/internal/repository/user_repository.go:70.16,72.3 1 0
auth-service/internal/repository/user_repository.go:73.2,73.12 1 0
auth-service/cmd/server/main.go:17.13,20.16 3 0
auth-service/cmd/server/main.go:20.16,23.3 2 0
auth-service/cmd/server/main.go:24.2,28.12 5 0
auth-service/cmd/server/main.go:28.12,30.101 2 0
auth-service/cmd/server/main.go:30.101,32.4 1 0
auth-service/cmd/server/main.go:36.2,44.40 5 0
auth-service/cmd/server/main.go:44.40,46.3 1 0
auth-service/cmd/server/main.go:47.2,47.42 1 0
auth-service/internal/gateway/gateway.go:13.86,18.2 1 0
auth-service/internal/gateway/gateway.go:25.75,28.16 2 0
auth-service/internal/gateway/gateway.go:28.16,30.3 1 0
auth-service/internal/gateway/gateway.go:31.2,35.12 2 0
auth-service/internal/validators/validaton_helpers.go:17.13,19.2 1 1
auth-service/internal/validators/validaton_helpers.go:21.40,24.14 3 4
auth-service/internal/validators/validaton_helpers.go:24.14,26.3 1 1
auth-service/internal/validators/validaton_helpers.go:27.2,27.12 1 3
auth-service/internal/validators/validaton_helpers.go:30.42,31.20 1 2
auth-service/internal/validators/validaton_helpers.go:31.20,33.3 1 1
auth-service/internal/validators/validaton_helpers.go:34.2,34.12 1 1
auth-service/internal/validators/validaton_helpers.go:37.46,38.20 1 8
auth-service/internal/validators/validaton_helpers.go:38.20,40.3 1 2
auth-service/internal/validators/validaton_helpers.go:41.2,41.12 1 6
auth-service/internal/validators/validaton_helpers.go:44.52,47.14 3 12
auth-service/internal/validators/validaton_helpers.go:47.14,49.3 1 5
auth-service/internal/validators/validaton_helpers.go:50.2,50.12 1 7
auth-service/internal/validators/validaton_helpers.go:53.52,54.43 1 12
auth-service/internal/validators/validaton_helpers.go:54.43,55.33 1 12
auth-service/internal/validators/validaton_helpers.go:55.33,57.4 1 11
auth-service/internal/validators/validaton_helpers.go:59.2,59.72 1 1
auth-service/internal/validators/validaton_helpers.go:62.35,63.34 1 6
auth-service/internal/validators/validaton_helpers.go:63.34,65.3 1 1
auth-service/internal/validators/validaton_helpers.go:66.2,66.12 1 5
auth-service/internal/validators/validators.go:16.39,18.2 1 5
auth-service/internal/validators/validators.go:22.106,29.2 6 2
auth-service/internal/validators/validators.go:31.104,36.2 4 2
auth-service/internal/validators/validators.go:38.98,43.2 4 2
auth-service/internal/validators/validators.go:45.97,50.2 4 2
auth-service/internal/validators/validators.go:52.111,58.2 3 2
auth-service/internal/gateway/gateway.go:13.86,18.2 1 0
auth-service/internal/gateway/gateway.go:25.75,28.16 2 0
auth-service/internal/gateway/gateway.go:28.16,30.3 1 0
auth-service/internal/gateway/gateway.go:31.2,35.12 2 0
auth-service/internal/repository/event_repository.go:16.54,18.2 1 0
auth-service/internal/repository/event_repository.go:24.73,26.16 2 0
auth-service/internal/repository/event_repository.go:26.16,28.3 1 0
auth-service/internal/repository/user_repository.go:28.52,30.2 1 0
auth-service/internal/repository/user_repository.go:36.80,39.16 3 0
auth-service/internal/repository/user_repository.go:39.16,41.3 1 0
auth-service/internal/repository/user_repository.go:42.2,43.18 2 0
auth-service/internal/repository/user_repository.go:46.74,49.16 3 0
auth-service/internal/repository/user_repository.go:49.16,51.3 1 0
auth-service/internal/repository/user_repository.go:52.2,52.19 1 0
auth-service/internal/repository/user_repository.go:55.122,58.16 3 0
auth-service/internal/repository/user_repository.go:58.16,59.27 1 0
auth-service/internal/repository/user_repository.go:59.27,61.4 1 0
auth-service/internal/repository/user_repository.go:62.3,62.18 1 0
auth-service/internal/repository/user_repository.go:65.2,65.19 1 0
auth-service/internal/repository/user_repository.go:68.69,70.16 2 0
auth-service/internal/repository/user_repository.go:70.16,72.3 1 0
auth-service/internal/repository/user_repository.go:73.2,73.12 1 0
auth-service/internal/server/auth_server.go:14.66,18.2 1 12
auth-service/internal/server/auth_server.go:19.181,22.16 3 2
auth-service/internal/server/auth_server.go:22.16,28.3 2 1
auth-service/internal/server/auth_server.go:28.8,31.3 2 1
auth-service/internal/server/auth_server.go:32.2,32.43 1 2
auth-service/internal/server/auth_server.go:35.173,38.16 3 2
auth-service/internal/server/auth_server.go:38.16,44.3 2 1
auth-service/internal/server/auth_server.go:44.8,46.3 1 1
auth-service/internal/server/auth_server.go:47.2,47.43 1 2
auth-service/internal/server/auth_server.go:50.182,53.16 3 2
auth-service/internal/server/auth_server.go:53.16,59.3 2 1
auth-service/internal/server/auth_server.go:59.8,61.3 1 1
auth-service/internal/server/auth_server.go:62.2,62.43 1 2
auth-service/internal/server/auth_server.go:65.194,68.16 3 2
auth-service/internal/server/auth_server.go:68.16,74.3 2 1
auth-service/internal/server/auth_server.go:74.8,76.3 1 1
auth-service/internal/server/auth_server.go:77.2,77.43 1 2
auth-service/internal/server/auth_server.go:80.148,83.16 3 2
auth-service/internal/server/auth_server.go:83.16,89.3 2 1
auth-service/internal/server/auth_server.go:89.8,92.3 2 1
auth-service/internal/server/auth_server.go:93.2,93.43 1 2
auth-service/internal/server/auth_server.go:96.187,99.16 3 2
auth-service/internal/server/auth_server.go:99.16,105.3 2 1
auth-service/internal/server/auth_server.go:105.8,108.3 2 1
auth-service/internal/server/auth_server.go:109.2,109.43 1 2
auth-service/internal/gateway/gateway.go:13.86,18.2 1 0
auth-service/internal/gateway/gateway.go:25.75,28.16 2 0
auth-service/internal/gateway/gateway.go:28.16,30.3 1 0
auth-service/internal/gateway/gateway.go:31.2,35.12 2 0
auth-service/internal/repository/event_repository.go:16.54,18.2 1 0
auth-service/internal/repository/event_repository.go:24.73,26.16 2 0
auth-service/internal/repository/event_repository.go:26.16,28.3 1 0
auth-service/internal/repository/user_repository.go:28.52,30.2 1 0
auth-service/internal/repository/user_repository.go:36.80,39.16 3 0
auth-service/internal/repository/user_repository.go:39.16,41.3 1 0
auth-service/internal/repository/user_repository.go:42.2,43.18 2 0
auth-service/internal/repository/user_repository.go:46.74,49.16 3 0
auth-service/internal/repository/user_repository.go:49.16,51.3 1 0
auth-service/internal/repository/user_repository.go:52.2,52.19 1 0
auth-service/internal/repository/user_repository.go:55.122,58.16 3 0
auth-service/internal/repository/user_repository.go:58.16,59.27 1 0
auth-service/internal/repository/user_repository.go:59.27,61.4 1 0
auth-service/internal/repository/user_repository.go:62.3,62.18 1 0
auth-service/internal/repository/user_repository.go:65.2,65.19 1 0
auth-service/internal/repository/user_repository.go:68.69,70.16 2 0
auth-service/internal/repository/user_repository.go:70.16,72.3 1 0
auth-service/internal/repository/user_repository.go:73.2,73.12 1 0
auth-service/internal/service/auth_service.go:44.99,46.16 2 4
auth-service/internal/service/auth_service.go:46.16,48.3 1 1
auth-service/internal/service/auth_service.go:49.2,51.16 3 3
auth-service/internal/service/auth_service.go:51.16,53.3 1 1
auth-service/internal/service/auth_service.go:54.2,55.16 2 2
auth-service/internal/service/auth_service.go:55.16,57.3 1 1
auth-service/internal/service/auth_service.go:58.2,59.39 2 1
auth-service/internal/service/auth_service.go:62.90,64.16 2 2
auth-service/internal/service/auth_service.go:64.16,66.3 1 1
auth-service/internal/service/auth_service.go:67.2,67.34 1 1
auth-service/internal/service/auth_service.go:70.110,72.16 2 3
auth-service/internal/service/auth_service.go:72.16,74.3 1 1
auth-service/internal/service/auth_service.go:75.2,76.16 2 2
auth-service/internal/service/auth_service.go:76.16,78.3 1 1
auth-service/internal/service/auth_service.go:79.2,79.34 1 1
auth-service/internal/service/auth_service.go:82.78,84.16 2 7
auth-service/internal/service/auth_service.go:84.16,86.3 1 1
auth-service/internal/service/auth_service.go:87.2,88.16 2 6
auth-service/internal/service/auth_service.go:88.16,90.3 1 1
auth-service/internal/service/auth_service.go:91.2,91.17 1 5
auth-service/internal/service/auth_service.go:91.17,93.3 1 1
auth-service/internal/service/auth_service.go:94.2,95.16 2 4
auth-service/internal/service/auth_service.go:95.16,97.3 1 1
auth-service/internal/service/auth_service.go:98.2,98.33 1 3
auth-service/internal/service/auth_service.go:98.33,101.3 2 1
auth-service/internal/service/auth_service.go:102.2,103.16 2 2
auth-service/internal/service/auth_service.go:103.16,105.3 1 1
auth-service/internal/service/auth_service.go:106.2,107.12 2 1
auth-service/internal/service/auth_service.go:110.92,112.16 2 5
auth-service/internal/service/auth_service.go:112.16,114.3 1 1
auth-service/internal/service/auth_service.go:115.2,116.16 2 4
auth-service/internal/service/auth_service.go:116.16,118.3 1 1
auth-service/internal/service/auth_service.go:119.2,119.20 1 3
auth-service/internal/service/auth_service.go:119.20,122.3 2 1
auth-service/internal/service/auth_service.go:123.2,124.16 2 2
auth-service/internal/service/auth_service.go:124.16,126.3 1 1
auth-service/internal/service/auth_service.go:127.2,128.12 2 1
auth-service/internal/service/auth_service.go:131.100,133.16 2 5
auth-service/internal/service/auth_service.go:133.16,135.3 1 1
auth-service/internal/service/auth_service.go:136.2,137.16 2 4
auth-service/internal/service/auth_service.go:137.16,139.3 1 1
auth-service/internal/service/auth_service.go:140.2,141.16 2 3
auth-service/internal/service/auth_service.go:141.16,143.3 1 1
auth-service/internal/service/auth_service.go:144.2,144.33 1 2
auth-service/internal/service/auth_service.go:144.33,147.3 2 1
auth-service/internal/service/auth_service.go:148.2,149.12 2 1
auth-service/internal/service/auth_service.go:152.68,158.2 2 4
auth-service/internal/service/auth_service.go:160.221,162.2 1 26
auth-service/internal/service/otp_generator.go:16.69,21.2 1 1
auth-service/internal/service/otp_generator.go:28.67,30.2 1 1
auth-service/internal/service/otp_generator.go:32.70,35.16 3 1
auth-service/internal/service/otp_generator.go:35.16,38.3 2 0
auth-service/internal/service/otp_generator.go:40.2,41.17 2 1
auth-service/internal/service/otp_generator.go:44.86,53.16 9 1
auth-service/internal/service/otp_generator.go:53.16,55.3 1 0
auth-service/internal/service/otp_generator.go:56.2,57.18 2 1
auth-service/internal/service/otp_generator.go:57.18,60.3 2 1
auth-service/internal/service/otp_generator.go:61.2,61.24 1 1
